\BOOKMARK [0][-]{chapter.1}{Introduzione}{}% 1
\BOOKMARK [0][-]{chapter.2}{Background}{}% 2
\BOOKMARK [1][-]{section.2.1}{DelayDisruption Tolerant Networks \(DTN\)}{chapter.2}% 3
\BOOKMARK [1][-]{section.2.2}{Related works}{chapter.2}% 4
\BOOKMARK [0][-]{chapter.3}{M2MShare}{}% 5
\BOOKMARK [1][-]{section.3.1}{DTN module}{chapter.3}% 6
\BOOKMARK [2][-]{subsection.3.1.1}{Servant Election}{section.3.1}% 7
\BOOKMARK [1][-]{section.3.2}{Search module}{chapter.3}% 8
\BOOKMARK [1][-]{section.3.3}{Transport module}{chapter.3}% 9
\BOOKMARK [1][-]{section.3.4}{Routing module}{chapter.3}% 10
\BOOKMARK [1][-]{section.3.5}{Modulo MAC}{chapter.3}% 11
\BOOKMARK [1][-]{section.3.6}{File Division Strategy}{chapter.3}% 12
\BOOKMARK [0][-]{chapter.4}{Movement models}{}% 13
\BOOKMARK [1][-]{section.4.1}{Random Walk}{chapter.4}% 14
\BOOKMARK [1][-]{section.4.2}{Random Waypoint}{chapter.4}% 15
\BOOKMARK [1][-]{section.4.3}{Random Map-Based Movement}{chapter.4}% 16
\BOOKMARK [1][-]{section.4.4}{Shortest Path Map-Based Movement}{chapter.4}% 17
\BOOKMARK [1][-]{section.4.5}{Routed Map-Based Movement}{chapter.4}% 18
\BOOKMARK [1][-]{section.4.6}{Working Day Movement Model}{chapter.4}% 19
\BOOKMARK [2][-]{subsection.4.6.1}{Example of working day}{section.4.6}% 20
\BOOKMARK [2][-]{subsection.4.6.2}{Home Activity Submodel}{section.4.6}% 21
\BOOKMARK [2][-]{subsection.4.6.3}{Office Activity Submodel}{section.4.6}% 22
\BOOKMARK [2][-]{subsection.4.6.4}{Evening Activity Submodel}{section.4.6}% 23
\BOOKMARK [2][-]{subsection.4.6.5}{Transport Activity Submodel}{section.4.6}% 24
\BOOKMARK [1][-]{section.4.7}{Real user traces VS Synthetic models}{chapter.4}% 25
\BOOKMARK [1][-]{section.4.8}{Our choice}{chapter.4}% 26
\BOOKMARK [0][-]{chapter.5}{The ONE simulator}{}% 27
\BOOKMARK [1][-]{section.5.1}{Configuration}{chapter.5}% 28
\BOOKMARK [1][-]{section.5.2}{Simulation outputs}{chapter.5}% 29
\BOOKMARK [1][-]{section.5.3}{Simulation execution}{chapter.5}% 30
\BOOKMARK [1][-]{section.5.4}{Randomness}{chapter.5}% 31
\BOOKMARK [1][-]{section.5.5}{The map}{chapter.5}% 32
\BOOKMARK [0][-]{chapter.6}{Implementazione}{}% 33
\BOOKMARK [1][-]{section.6.1}{ONE additions}{chapter.6}% 34
\BOOKMARK [2][-]{subsection.6.1.1}{File Management}{section.6.1}% 35
\BOOKMARK [2][-]{subsection.6.1.2}{GUI}{section.6.1}% 36
\BOOKMARK [2][-]{subsection.6.1.3}{Reports}{section.6.1}% 37
\BOOKMARK [1][-]{section.6.2}{M2MShare Implementation}{chapter.6}% 38
\BOOKMARK [0][-]{chapter.7}{Simulations and results}{}% 39
\BOOKMARK [1][-]{section.7.1}{Simulations Scenario}{chapter.7}% 40
\BOOKMARK [1][-]{section.7.2}{Single-hop delegation efficiency}{chapter.7}% 41
\BOOKMARK [2][-]{subsection.7.2.1}{Delegation efficiency with variable file popularity}{section.7.2}% 42
\BOOKMARK [2][-]{subsection.7.2.2}{Delegation efficiency with variable nodes population}{section.7.2}% 43
\BOOKMARK [2][-]{subsection.7.2.3}{Data redundancy}{section.7.2}% 44
\BOOKMARK [1][-]{section.7.3}{Multi-hop delegation efficiency}{chapter.7}% 45
\BOOKMARK [2][-]{subsection.7.3.1}{Map coverage}{section.7.3}% 46
\BOOKMARK [2][-]{subsection.7.3.2}{Data redundancy}{section.7.3}% 47
\BOOKMARK [1][-]{section.7.4}{File Division Strategy efficiency}{chapter.7}% 48
\BOOKMARK [0][-]{chapter.8}{Conclusioni}{}% 49
\BOOKMARK [0][-]{chapter.8}{Bibliografia}{}% 50
