\BOOKMARK [0][-]{chapter.1}{Introduzione}{}% 1
\BOOKMARK [0][-]{chapter.2}{ONE - L'ambiente di simulazione}{}% 2
\BOOKMARK [1][-]{section.2.1}{Configurazione}{chapter.2}% 3
\BOOKMARK [1][-]{section.2.2}{Visualizzazione}{chapter.2}% 4
\BOOKMARK [1][-]{section.2.3}{Reports}{chapter.2}% 5
\BOOKMARK [1][-]{section.2.4}{Esecuzione}{chapter.2}% 6
\BOOKMARK [1][-]{section.2.5}{Casualit\340}{chapter.2}% 7
\BOOKMARK [1][-]{section.2.6}{Limitazioni}{chapter.2}% 8
\BOOKMARK [0][-]{chapter.3}{Modelli di movimento}{}% 9
\BOOKMARK [1][-]{section.3.1}{Random Map-Based Movement}{chapter.3}% 10
\BOOKMARK [1][-]{section.3.2}{Shortest Path Map-Based Movement}{chapter.3}% 11
\BOOKMARK [1][-]{section.3.3}{Routed Map-Based Movement}{chapter.3}% 12
\BOOKMARK [1][-]{section.3.4}{Working Day Movement Model}{chapter.3}% 13
\BOOKMARK [2][-]{subsection.3.4.1}{Esempio di giornata}{section.3.4}% 14
\BOOKMARK [2][-]{subsection.3.4.2}{Home Activity Submodel}{section.3.4}% 15
\BOOKMARK [2][-]{subsection.3.4.3}{Office Activity Submodel}{section.3.4}% 16
\BOOKMARK [2][-]{subsection.3.4.4}{Evening Activity Submodel}{section.3.4}% 17
\BOOKMARK [2][-]{subsection.3.4.5}{Transport Activity Submodel}{section.3.4}% 18
\BOOKMARK [0][-]{chapter.4}{M2MShare}{}% 19
\BOOKMARK [1][-]{section.4.1}{Modulo DTN}{chapter.4}% 20
\BOOKMARK [2][-]{subsection.4.1.1}{Elezione del Servant}{section.4.1}% 21
\BOOKMARK [1][-]{section.4.2}{Modulo di ricerca}{chapter.4}% 22
\BOOKMARK [1][-]{section.4.3}{Modulo di Trasporto}{chapter.4}% 23
\BOOKMARK [2][-]{subsection.4.3.1}{Sistema di accodamento}{section.4.3}% 24
\BOOKMARK [2][-]{subsection.4.3.2}{Scheduler ed esecuzione di un task}{section.4.3}% 25
\BOOKMARK [2][-]{subsection.4.3.3}{Tipi di task}{section.4.3}% 26
\BOOKMARK [1][-]{section.4.4}{Modulo di Routing}{chapter.4}% 27
\BOOKMARK [1][-]{section.4.5}{Modulo MAC}{chapter.4}% 28
\BOOKMARK [2][-]{subsection.4.5.1}{Presence Collector}{section.4.5}% 29
\BOOKMARK [0][-]{chapter.5}{Implementazione}{}% 30
\BOOKMARK [1][-]{section.5.1}{Modifiche a ONE}{chapter.5}% 31
\BOOKMARK [2][-]{subsection.5.1.1}{Gestione File}{section.5.1}% 32
\BOOKMARK [2][-]{subsection.5.1.2}{GUI}{section.5.1}% 33
\BOOKMARK [2][-]{subsection.5.1.3}{Reports}{section.5.1}% 34
\BOOKMARK [1][-]{section.5.2}{Implementazione di M2MShare}{chapter.5}% 35
\BOOKMARK [2][-]{subsection.5.2.1}{M2MShareRouter}{section.5.2}% 36
\BOOKMARK [2][-]{subsection.5.2.2}{PresenceCollector}{section.5.2}% 37
\BOOKMARK [2][-]{subsection.5.2.3}{QueuingCentral}{section.5.2}% 38
\BOOKMARK [2][-]{subsection.5.2.4}{Activity}{section.5.2}% 39
\BOOKMARK [2][-]{subsection.5.2.5}{Scheduler}{section.5.2}% 40
\BOOKMARK [2][-]{subsection.5.2.6}{BroadcastModule}{section.5.2}% 41
\BOOKMARK [2][-]{subsection.5.2.7}{IntervalMap}{section.5.2}% 42
\BOOKMARK [0][-]{chapter.6}{La simulazione}{}% 43
\BOOKMARK [0][-]{chapter.7}{Conclusioni}{}% 44
\BOOKMARK [0][-]{chapter.7}{Bibliografia}{}% 45
